<?xml version="1.0" encoding="UTF-8"?>
<!-- Generated by org.testng.reporters.JUnitReportReporter -->
<testsuite skipped="0" hostname="DESKTOP-C8H77MF" name="com.qa.koovs.testcase.TC1Login" tests="2" failures="0" timestamp="2021-06-30T17:00:42 IST" time="13.793" errors="0">
  <testcase name="tc1Login" time="7.555" classname="com.qa.koovs.testcase.TC1Login"/>
  <system-out/>
  <testcase name="tc1Login" time="6.238" classname="com.qa.koovs.testcase.TC1Login"/>
  <system-out/>
</testsuite> <!-- com.qa.koovs.testcase.TC1Login -->
