<?xml version="1.0" encoding="UTF-8"?>
<!-- Generated by org.testng.reporters.JUnitReportReporter -->
<testsuite hostname="DESKTOP-C8H77MF" failures="0" tests="1" name="koovs.KoovsAddCat" time="21.906" errors="0" timestamp="2021-06-24T20:22:58 IST" skipped="0">
  <testcase classname="koovs.KoovsAddCat" name="koovsaddtocart" time="21.906"/>
  <system-out/>
</testsuite> <!-- koovs.KoovsAddCat -->
