<?xml version="1.0" encoding="UTF-8"?>
<!-- Generated by org.testng.reporters.JUnitReportReporter -->
<testsuite hostname="DESKTOP-C8H77MF" failures="0" tests="1" name="flipkart.SearchMyOrder" time="10.613" errors="0" timestamp="2021-06-24T00:05:30 IST" skipped="0">
  <testcase classname="flipkart.SearchMyOrder" name="searchMyOrder" time="10.613"/>
  <system-out/>
</testsuite> <!-- flipkart.SearchMyOrder -->
