<?xml version="1.0" encoding="UTF-8"?>
<!-- Generated by org.testng.reporters.JUnitReportReporter -->
<testsuite hostname="DESKTOP-C8H77MF" failures="0" tests="6" name="koovs.KovsSignup" time="88.406" errors="0" timestamp="2021-06-25T20:12:26 IST" skipped="0">
  <testcase classname="koovs.KovsSignup" name="kovsSignup" time="25.146"/>
  <system-out/>
  <testcase classname="koovs.KovsSignup" name="kovsSignup" time="33.297"/>
  <system-out/>
  <testcase classname="koovs.KovsSignup" name="kovsSignup" time="9.418"/>
  <system-out/>
  <testcase classname="koovs.KovsSignup" name="kovsSignup" time="4.042"/>
  <system-out/>
  <testcase classname="koovs.KovsSignup" name="kovsSignup" time="11.617"/>
  <system-out/>
  <testcase classname="koovs.KovsSignup" name="kovsSignup" time="4.886"/>
  <system-out/>
</testsuite> <!-- koovs.KovsSignup -->
