<?xml version="1.0" encoding="UTF-8"?>
<!-- Generated by org.testng.reporters.JUnitReportReporter -->
<testsuite hostname="DESKTOP-C8H77MF" failures="0" tests="1" name="flipkart.Cart" time="6.709" errors="0" timestamp="2021-06-23T00:12:53 IST" skipped="0">
  <testcase classname="flipkart.Cart" name="launchingBrowser" time="6.709"/>
  <system-out/>
</testsuite> <!-- flipkart.Cart -->
