<?xml version="1.0" encoding="UTF-8"?>
<!-- Generated by org.testng.reporters.JUnitReportReporter -->
<testsuite hostname="DESKTOP-C8H77MF" failures="0" tests="1" name="utilities.ReadExcel" time="0.591" errors="0" timestamp="2021-06-29T13:13:25 IST" skipped="0">
  <testcase classname="utilities.ReadExcel" name="readExcel" time="0.591"/>
  <system-out/>
</testsuite> <!-- utilities.ReadExcel -->
